\BOOKMARK [1][-]{section.1}{\376\377\137\025\212\000}{}% 1
\BOOKMARK [2][-]{subsection.1.1}{\376\377\170\024\172\166\200\314\146\157}{section.1}% 2
\BOOKMARK [2][-]{subsection.1.2}{\376\377\170\024\172\166\141\017\116\111}{section.1}% 3
\BOOKMARK [1][-]{section.2}{\376\377\166\370\121\163\135\345\117\134}{}% 4
\BOOKMARK [2][-]{subsection.2.1}{\376\377\226\306\142\020\133\146\116\140\151\202\217\360}{section.2}% 5
\BOOKMARK [2][-]{subsection.2.2}{\376\377\116\073\155\101\150\257\136\246\143\320\123\107\173\227\154\325}{section.2}% 6
\BOOKMARK [3][-]{subsubsection.2.2.1}{\376\377\000X\000G\000B\000o\000o\000s\000t}{subsection.2.2}% 7
\BOOKMARK [3][-]{subsubsection.2.2.2}{\376\377\000L\000i\000g\000h\000t\000G\000B\000M}{subsection.2.2}% 8
\BOOKMARK [3][-]{subsubsection.2.2.3}{\376\377\000C\000a\000t\000B\000o\000o\000s\000t}{subsection.2.2}% 9
\BOOKMARK [2][-]{subsection.2.3}{\376\377\000T\000a\000b\000P\000F\000N\173\227\154\325}{section.2}% 10
\BOOKMARK [2][-]{subsection.2.4}{\376\377\152\041\127\213\207\215\124\010\173\126\165\145}{section.2}% 11
\BOOKMARK [1][-]{section.3}{\376\377\145\160\143\156\143\317\217\360\116\016\230\204\131\004\164\006}{}% 12
\BOOKMARK [2][-]{subsection.3.1}{\376\377\145\160\143\156\226\306\151\202\121\265}{section.3}% 13
\BOOKMARK [2][-]{subsection.3.2}{\376\377\162\171\137\201\213\364\146\016}{section.3}% 14
\BOOKMARK [2][-]{subsection.3.3}{\376\377\174\173\122\053\116\015\136\163\210\141\122\006\147\220}{section.3}% 15
\BOOKMARK [1][-]{section.4}{\376\377\162\171\137\201\135\345\172\013}{}% 16
\BOOKMARK [2][-]{subsection.4.1}{\376\377\162\171\137\201\147\204\136\372\173\126\165\145}{section.4}% 17
\BOOKMARK [3][-]{subsubsection.4.1.1}{\376\377\120\072\122\241\215\037\142\305\174\173\162\171\137\201}{subsection.4.1}% 18
\BOOKMARK [3][-]{subsubsection.4.1.2}{\376\377\117\341\165\050\117\177\165\050\174\173\162\171\137\201}{subsection.4.1}% 19
\BOOKMARK [3][-]{subsubsection.4.1.3}{\376\377\230\316\226\151\213\304\122\006\162\171\137\201}{subsection.4.1}% 20
\BOOKMARK [3][-]{subsubsection.4.1.4}{\376\377\155\073\215\303\136\246\162\171\137\201}{subsection.4.1}% 21
\BOOKMARK [2][-]{subsection.4.2}{\376\377\162\171\137\201\140\073\145\160}{section.4}% 22
\BOOKMARK [1][-]{section.5}{\376\377\152\041\127\213\213\276\213\241}{}% 23
\BOOKMARK [2][-]{subsection.5.1}{\376\377\145\164\117\123\147\266\147\204}{section.5}% 24
\BOOKMARK [2][-]{subsection.5.2}{\376\377\127\372\133\146\116\140\126\150\221\115\177\156}{section.5}% 25
\BOOKMARK [3][-]{subsubsection.5.2.1}{\376\377\000X\000G\000B\000o\000o\000s\000t\221\115\177\156}{subsection.5.2}% 26
\BOOKMARK [3][-]{subsubsection.5.2.2}{\376\377\000L\000i\000g\000h\000t\000G\000B\000M\221\115\177\156}{subsection.5.2}% 27
\BOOKMARK [3][-]{subsubsection.5.2.3}{\376\377\000C\000a\000t\000B\000o\000o\000s\000t\221\115\177\156}{subsection.5.2}% 28
\BOOKMARK [2][-]{subsection.5.3}{\376\377\000S\000M\000O\000T\000E\131\004\164\006\155\101\172\013\377\010\123\357\220\011\377\011}{section.5}% 29
\BOOKMARK [1][-]{section.6}{\376\377\133\236\232\214\176\323\147\234\116\016\122\006\147\220}{}% 30
\BOOKMARK [2][-]{subsection.6.1}{\376\377\201\352\122\250\123\026\133\236\232\214\176\323\147\234\144\130\211\201\377\010\201\352\122\250\165\037\142\020\377\011}{section.6}% 31
\BOOKMARK [2][-]{subsection.6.2}{\376\377\152\041\127\213\140\047\200\375\133\371\153\324}{section.6}% 32
\BOOKMARK [2][-]{subsection.6.3}{\376\377\162\171\137\201\221\315\211\201\140\047\122\006\147\220}{section.6}% 33
\BOOKMARK [2][-]{subsection.6.4}{\376\377\121\163\225\056\123\321\163\260}{section.6}% 34
\BOOKMARK [2][-]{subsection.6.5}{\376\377\230\204\155\113\176\323\147\234\176\337\213\241}{section.6}% 35
\BOOKMARK [1][-]{section.7}{\376\377\176\323\213\272\116\016\134\125\147\033}{}% 36
\BOOKMARK [2][-]{subsection.7.1}{\376\377\116\073\211\201\176\323\213\272}{section.7}% 37
\BOOKMARK [2][-]{subsection.7.2}{\376\377\147\052\147\145\134\125\147\033}{section.7}% 38
